Unity Editor version:    2020.3.17f1 (a4537701e4ab)
Branch:                  2020.3/staging
Build type:              Release
Batch mode:              YES
macOS version:           Version 10.13.6 (Build 17G5019)
Darwin version:          17.7.0
Architecture:            x86_64
Running under Rosetta:   NO
Available memory:        8192 MB
Using pre-set license
Pro License: NO

COMMAND LINE ARGUMENTS:
/Applications/Unity/Hub/Editor/2020.3.17f1/Unity.app/Contents/MacOS/Unity
-adb2
-batchMode
-noUpm
-name
AssetImportWorker0
-projectPath
/Users/jasmin/Jasmin's Test Project/Jasmin'sProject1
-logFile
Logs/AssetImportWorker0.log
-srvPort
55973
Successfully changed project path to: /Users/jasmin/Jasmin's Test Project/Jasmin'sProject1
/Users/jasmin/Jasmin's Test Project/Jasmin'sProject1
Using Asset Import Pipeline V2.
Refreshing native plugins compatible for Editor in 140.71 ms, found 2 plugins.
Preloading 0 native plugins for Editor in 0.00 ms.
Initialize engine version: 2020.3.17f1 (a4537701e4ab)
[Subsystems] Discovering subsystems at path /Applications/Unity/Hub/Editor/2020.3.17f1/Unity.app/Contents/Resources/UnitySubsystems
[Subsystems] Discovering subsystems at path /Users/jasmin/Jasmin's Test Project/Jasmin'sProject1/Assets
GfxDevice: creating device client; threaded=0
2021-09-15 02:34:03.090 Unity[71487:3272575] Color LCD preferred device: Intel(R) Iris(TM) Plus Graphics 650 (low power)
2021-09-15 02:34:03.090 Unity[71487:3272575] Metal devices available: 1
2021-09-15 02:34:03.090 Unity[71487:3272575] 0: Intel(R) Iris(TM) Plus Graphics 650 (low power)
2021-09-15 02:34:03.091 Unity[71487:3272575] Using device Intel(R) Iris(TM) Plus Graphics 650 (low power)
Initializing Metal device caps: Intel(R) Iris(TM) Plus Graphics 650
Initialize mono
Mono path[0] = '/Applications/Unity/Hub/Editor/2020.3.17f1/Unity.app/Contents/Managed'
Mono path[1] = '/Applications/Unity/Hub/Editor/2020.3.17f1/Unity.app/Contents/MonoBleedingEdge/lib/mono/unityjit'
Mono config path = '/Applications/Unity/Hub/Editor/2020.3.17f1/Unity.app/Contents/MonoBleedingEdge/etc'
Using monoOptions --debugger-agent=transport=dt_socket,embedding=1,server=y,suspend=n,address=127.0.0.1:56487
Begin MonoManager ReloadAssembly
Registering precompiled unity dll's ...
Register platform support module: /Applications/Unity/Hub/Editor/2020.3.17f1/Unity.app/Contents/PlaybackEngines/MacStandaloneSupport/UnityEditor.OSXStandalone.Extensions.dll
Registered in 0.001343 seconds.
Native extension for OSXStandalone target not found
Refreshing native plugins compatible for Editor in 80.29 ms, found 2 plugins.
Preloading 0 native plugins for Editor in 0.00 ms.
Mono: successfully reloaded assembly
- Completed reload, in  3.538 seconds
Domain Reload Profiling:
	ReloadAssembly (3538ms)
		BeginReloadAssembly (58ms)
			ExecutionOrderSort (0ms)
			DisableScriptedObjects (0ms)
			BackupInstance (0ms)
			ReleaseScriptingObjects (0ms)
			CreateAndSetChildDomain (1ms)
		EndReloadAssembly (671ms)
			LoadAssemblies (57ms)
			RebuildTransferFunctionScriptingTraits (0ms)
			SetupTypeCache (256ms)
			ReleaseScriptCaches (0ms)
			RebuildScriptCaches (52ms)
			SetupLoadedEditorAssemblies (288ms)
				LogAssemblyErrors (0ms)
				InitializePlatformSupportModulesInManaged (5ms)
				SetLoadedEditorAssemblies (0ms)
				RefreshPlugins (80ms)
				BeforeProcessingInitializeOnLoad (15ms)
				ProcessInitializeOnLoadAttributes (148ms)
				ProcessInitializeOnLoadMethodAttributes (40ms)
				AfterProcessingInitializeOnLoad (0ms)
				EditorAssembliesLoaded (0ms)
			ExecutionOrderSort2 (0ms)
			AwakeInstancesAfterBackupRestoration (0ms)
Platform modules already initialized, skipping
Registering precompiled user dll's ...
Registered in 0.007121 seconds.
Begin MonoManager ReloadAssembly
Native extension for OSXStandalone target not found
Refreshing native plugins compatible for Editor in 82.76 ms, found 2 plugins.
Preloading 0 native plugins for Editor in 0.00 ms.
Mono: successfully reloaded assembly
- Completed reload, in  1.952 seconds
Domain Reload Profiling:
	ReloadAssembly (1955ms)
		BeginReloadAssembly (216ms)
			ExecutionOrderSort (0ms)
			DisableScriptedObjects (6ms)
			BackupInstance (0ms)
			ReleaseScriptingObjects (0ms)
			CreateAndSetChildDomain (44ms)
		EndReloadAssembly (1641ms)
			LoadAssemblies (142ms)
			RebuildTransferFunctionScriptingTraits (0ms)
			SetupTypeCache (551ms)
			ReleaseScriptCaches (1ms)
			RebuildScriptCaches (87ms)
			SetupLoadedEditorAssemblies (659ms)
				LogAssemblyErrors (0ms)
				InitializePlatformSupportModulesInManaged (5ms)
				SetLoadedEditorAssemblies (0ms)
				RefreshPlugins (83ms)
				BeforeProcessingInitializeOnLoad (116ms)
				ProcessInitializeOnLoadAttributes (446ms)
				ProcessInitializeOnLoadMethodAttributes (6ms)
				AfterProcessingInitializeOnLoad (2ms)
				EditorAssembliesLoaded (0ms)
			ExecutionOrderSort2 (0ms)
			AwakeInstancesAfterBackupRestoration (9ms)
Platform modules already initialized, skipping
Validating Project structure ... 0.008349 seconds.
Shader import version has changed; will reimport all shaders...
Upgrading shader files ...0.012047 seconds.
Application.AssetDatabase Initial Script Refresh Start
RefreshInfo: InitialScriptRefreshV2(NoUpdateAssetOptions) scanfilter:  ... 1 filters
RefreshProfiler: Total: 0.000ms
Application.AssetDatabase Initial Script Refresh End
Application.AssetDatabase.Refresh Start
Application.AssetDatabase.Refresh End
RefreshInfo: StopAssetImportingV2(ForceSynchronousImport) scanfilter: 
RefreshProfiler: Total: 0.000ms
Launching external process: /Applications/Unity/Hub/Editor/2020.3.17f1/Unity.app/Contents/Tools/UnityShaderCompiler
Launched and connected shader compiler UnityShaderCompiler after 0.02 seconds
Initializing Unity extensions:
========================================================================
Worker process is ready to serve import requests
Refreshing native plugins compatible for Editor in 1.18 ms, found 2 plugins.
Preloading 0 native plugins for Editor in 0.00 ms.
Unloading 3209 Unused Serialized files (Serialized files now loaded: 0)
System memory in use before: 266.5 MB.
System memory in use after: 266.3 MB.

Unloading 131 unused Assets to reduce memory usage. Loaded Objects now: 3688.
Total: 7.193154 ms (FindLiveObjects: 0.835797 ms CreateObjectMapping: 0.309885 ms MarkObjects: 5.652019 ms  DeleteObjects: 0.393566 ms)

AssetImportParameters requested are different than current active one (requested -> active):
  custom:video-decoder-ogg-theora: a1e56fd34408186e4bbccfd4996cb3dc -> 
  custom:container-muxer-webm: aa71ff27fc2769a1b78a27578f13a17b -> 
  custom:container-demuxer-webm: 4f35f7cbe854078d1ac9338744f61a02 -> 
  custom:container-demuxer-ogg: 62fdf1f143b41e24485cea50d1cbac27 -> 
  custom:video-encoder-webm-vp8: eb34c28f22e8b96e1ab97ce403110664 -> 
  custom:framework-osx-AVFoundation: b23960f63f64bdc6ff669e2cdcee2391 -> 
  custom:video-decoder-webm-vp8: 9c59270c3fd7afecdb556c50c9e8de78 -> 
  custom:audio-decoder-ogg-vorbis: bf7c407c2cedff20999df2af8eb42d56 -> 
  custom:audio-encoder-webm-vorbis: bf7c407c2cedff20999df2af8eb42d56 -> 
========================================================================
Received Import Request.
  path: Assets/Low Poly Forest Pack/Prefabs/Trees/Young trees/Young Tree 1.prefab
  artifactKey: Guid(88b682cefd448004ead731dd85084ce7) Importer(815301076,1909f56bfc062723c751e8b465ee728b)
Start importing Assets/Low Poly Forest Pack/Prefabs/Trees/Young trees/Young Tree 1.prefab using Guid(88b682cefd448004ead731dd85084ce7) Importer(815301076,1909f56bfc062723c751e8b465ee728b)  -> (artifact id: '8eb71ec3e386a01189037012dd156197') in 0.393802 seconds 
  Import took 0.403613 seconds .

========================================================================
Received Import Request.
  Time since last request: 0.001799 seconds.
  path: Assets/Low Poly Forest Pack/Prefabs/Trees/Young trees
  artifactKey: Guid(e13d34c04b3b6461d91522f6e53c8ab6) Importer(815301076,1909f56bfc062723c751e8b465ee728b)
Start importing Assets/Low Poly Forest Pack/Prefabs/Trees/Young trees using Guid(e13d34c04b3b6461d91522f6e53c8ab6) Importer(815301076,1909f56bfc062723c751e8b465ee728b)  -> (artifact id: 'e2b140a5b84394f04487091f635874a4') in 0.000840 seconds 
  Import took 0.008578 seconds .

========================================================================
Received Import Request.
  Time since last request: 0.000722 seconds.
  path: Assets/Low Poly Forest Pack/Prefabs/Trees/Young trees/Young Tree 2.prefab
  artifactKey: Guid(6e3027b7d449c8e43a946a0b07a03061) Importer(815301076,1909f56bfc062723c751e8b465ee728b)
Start importing Assets/Low Poly Forest Pack/Prefabs/Trees/Young trees/Young Tree 2.prefab using Guid(6e3027b7d449c8e43a946a0b07a03061) Importer(815301076,1909f56bfc062723c751e8b465ee728b)  -> (artifact id: '6e7e6a900f47b1a723ee801cd0b546d0') in 0.031922 seconds 
  Import took 0.041831 seconds .

========================================================================
Received Import Request.
  Time since last request: 0.000438 seconds.
  path: Assets/Low Poly Forest Pack/Prefabs/Trees/Young trees/Young Tree 3.prefab
  artifactKey: Guid(03edefacdca599d4a8563ce4d7be7346) Importer(815301076,1909f56bfc062723c751e8b465ee728b)
Start importing Assets/Low Poly Forest Pack/Prefabs/Trees/Young trees/Young Tree 3.prefab using Guid(03edefacdca599d4a8563ce4d7be7346) Importer(815301076,1909f56bfc062723c751e8b465ee728b)  -> (artifact id: '0b977c71cb073123043c77bee5b9bdc0') in 0.031851 seconds 
  Import took 0.050257 seconds .

========================================================================
Received Import Request.
  Time since last request: 525.573119 seconds.
  path: Assets/Low Poly Forest Pack/Prefabs/Trees/Orange
  artifactKey: Guid(b27e08efdeb8e4795b4ae84b1fb2e27f) Importer(815301076,1909f56bfc062723c751e8b465ee728b)
Start importing Assets/Low Poly Forest Pack/Prefabs/Trees/Orange using Guid(b27e08efdeb8e4795b4ae84b1fb2e27f) Importer(815301076,1909f56bfc062723c751e8b465ee728b)  -> (artifact id: '61c61d575e68bc08655338718d3e0468') in 0.005970 seconds 
  Import took 0.123609 seconds .

========================================================================
Received Import Request.
  Time since last request: 0.000602 seconds.
  path: Assets/Low Poly Forest Pack/Prefabs/Trees/Orange/Tree Orange 1.prefab
  artifactKey: Guid(48d5224ae8785d24292a758d5cc99f9c) Importer(815301076,1909f56bfc062723c751e8b465ee728b)
Start importing Assets/Low Poly Forest Pack/Prefabs/Trees/Orange/Tree Orange 1.prefab using Guid(48d5224ae8785d24292a758d5cc99f9c) Importer(815301076,1909f56bfc062723c751e8b465ee728b)  -> (artifact id: 'd944f2efde9302275f6cdf575e2d7537') in 0.116465 seconds 
  Import took 0.124619 seconds .

========================================================================
Received Import Request.
  Time since last request: 0.000658 seconds.
  path: Assets/Low Poly Forest Pack/Prefabs/Trees/Orange/Tree Orange 7.prefab
  artifactKey: Guid(57e68c396b2466e4aa943509e656e64d) Importer(815301076,1909f56bfc062723c751e8b465ee728b)
Start importing Assets/Low Poly Forest Pack/Prefabs/Trees/Orange/Tree Orange 7.prefab using Guid(57e68c396b2466e4aa943509e656e64d) Importer(815301076,1909f56bfc062723c751e8b465ee728b)  -> (artifact id: 'e9629e421ab875eb6d5062616a06d771') in 0.024703 seconds 
  Import took 0.033669 seconds .

========================================================================
Received Import Request.
  Time since last request: 0.000366 seconds.
  path: Assets/Low Poly Forest Pack/Prefabs/Trees/Orange/Tree Orange 10.prefab
  artifactKey: Guid(3a645304b054de64d8655178574ef31d) Importer(815301076,1909f56bfc062723c751e8b465ee728b)
Start importing Assets/Low Poly Forest Pack/Prefabs/Trees/Orange/Tree Orange 10.prefab using Guid(3a645304b054de64d8655178574ef31d) Importer(815301076,1909f56bfc062723c751e8b465ee728b)  -> (artifact id: 'f885258e268586aa1028f68d62d842e9') in 0.022799 seconds 
  Import took 0.033775 seconds .

========================================================================
Received Import Request.
  Time since last request: 0.000286 seconds.
  path: Assets/Low Poly Forest Pack/Prefabs/Trees/Orange/Tree Orange 2.prefab
  artifactKey: Guid(c191680166b7610448a52f10792e7dde) Importer(815301076,1909f56bfc062723c751e8b465ee728b)
Start importing Assets/Low Poly Forest Pack/Prefabs/Trees/Orange/Tree Orange 2.prefab using Guid(c191680166b7610448a52f10792e7dde) Importer(815301076,1909f56bfc062723c751e8b465ee728b)  -> (artifact id: '3bc57e03b38b2376246e286f7f108627') in 0.027321 seconds 
  Import took 0.038265 seconds .

========================================================================
Received Import Request.
  Time since last request: 0.000290 seconds.
  path: Assets/Low Poly Forest Pack/Prefabs/Trees/Orange/Tree Orange 8.prefab
  artifactKey: Guid(ee715383a8f355541aed28f1e3eeb59a) Importer(815301076,1909f56bfc062723c751e8b465ee728b)
Start importing Assets/Low Poly Forest Pack/Prefabs/Trees/Orange/Tree Orange 8.prefab using Guid(ee715383a8f355541aed28f1e3eeb59a) Importer(815301076,1909f56bfc062723c751e8b465ee728b)  -> (artifact id: 'bd2a640a94e68dae3bc340c640076a8e') in 0.020971 seconds 
  Import took 0.033101 seconds .

========================================================================
Received Import Request.
  Time since last request: 0.000485 seconds.
  path: Assets/Low Poly Forest Pack/Prefabs/Trees/Orange/Tree Orange 3.prefab
  artifactKey: Guid(7befa14ecda880d4d86a041bb0a3ac93) Importer(815301076,1909f56bfc062723c751e8b465ee728b)
Start importing Assets/Low Poly Forest Pack/Prefabs/Trees/Orange/Tree Orange 3.prefab using Guid(7befa14ecda880d4d86a041bb0a3ac93) Importer(815301076,1909f56bfc062723c751e8b465ee728b)  -> (artifact id: '856d862e2525ba7f77d109b7d26b554a') in 0.025818 seconds 
  Import took 0.037028 seconds .

========================================================================
Received Import Request.
  Time since last request: 0.000464 seconds.
  path: Assets/Low Poly Forest Pack/Prefabs/Trees/Orange/Tree Orange 9.prefab
  artifactKey: Guid(ad10271f14be1ff4283770e0c12fb2bb) Importer(815301076,1909f56bfc062723c751e8b465ee728b)
Start importing Assets/Low Poly Forest Pack/Prefabs/Trees/Orange/Tree Orange 9.prefab using Guid(ad10271f14be1ff4283770e0c12fb2bb) Importer(815301076,1909f56bfc062723c751e8b465ee728b)  -> (artifact id: 'c362a361b13d4e26a6d24bacb87373d7') in 0.024912 seconds 
  Import took 0.035993 seconds .

========================================================================
Received Import Request.
  Time since last request: 0.000381 seconds.
  path: Assets/Low Poly Forest Pack/Prefabs/Trees/Orange/Tree Orange 4.prefab
  artifactKey: Guid(1465ba8b10c829248aa85d75d2a48ed4) Importer(815301076,1909f56bfc062723c751e8b465ee728b)
Start importing Assets/Low Poly Forest Pack/Prefabs/Trees/Orange/Tree Orange 4.prefab using Guid(1465ba8b10c829248aa85d75d2a48ed4) Importer(815301076,1909f56bfc062723c751e8b465ee728b)  -> (artifact id: '1578a94ce8a3d96f72839ab25575cfdf') in 0.023098 seconds 
  Import took 0.033096 seconds .

========================================================================
Received Import Request.
  Time since last request: 0.000414 seconds.
  path: Assets/Low Poly Forest Pack/Prefabs/Trees/Orange/Tree Orange 6.prefab
  artifactKey: Guid(5f6cfda75a9758a49ad6fd8a89906b3a) Importer(815301076,1909f56bfc062723c751e8b465ee728b)
Start importing Assets/Low Poly Forest Pack/Prefabs/Trees/Orange/Tree Orange 6.prefab using Guid(5f6cfda75a9758a49ad6fd8a89906b3a) Importer(815301076,1909f56bfc062723c751e8b465ee728b)  -> (artifact id: '023bd8205ea45e801582e77fbfc5af1b') in 0.022916 seconds 
  Import took 0.035517 seconds .

========================================================================
Received Import Request.
  Time since last request: 0.000629 seconds.
  path: Assets/Low Poly Forest Pack/Prefabs/Trees/Orange/Tree Orange 5.prefab
  artifactKey: Guid(65ae085c79375d8408c8421a4c85211e) Importer(815301076,1909f56bfc062723c751e8b465ee728b)
Start importing Assets/Low Poly Forest Pack/Prefabs/Trees/Orange/Tree Orange 5.prefab using Guid(65ae085c79375d8408c8421a4c85211e) Importer(815301076,1909f56bfc062723c751e8b465ee728b)  -> (artifact id: '960544933a14babae904cc2ea8e34f07') in 0.017945 seconds 
  Import took 0.030572 seconds .

